<?xml version="1.0" encoding="utf-8"?>
<TestRun id="19734a0a-5e51-42b0-8961-355c0c215fe7" name="ivolo@ILYA-PC 2025-10-29 20:49:25" runUser="ILYA-PC\ivolo" xmlns="http://microsoft.com/schemas/VisualStudio/TeamTest/2010">
  <Times creation="2025-10-29T20:49:25.8291723-04:00" queuing="2025-10-29T20:49:25.8291730-04:00" start="2025-10-29T20:49:25.1654327-04:00" finish="2025-10-29T20:49:25.8331020-04:00" />
  <TestSettings name="default" id="41502962-bc8f-4754-b40f-fb2e7a7a8ba7">
    <Deployment runDeploymentRoot="ivolo_ILYA-PC_2025-10-29_20_49_25" />
  </TestSettings>
  <Results>
    <UnitTestResult executionId="cb0cca54-9451-40b9-8662-9b98336ad332" testId="b778a534-c69f-df2f-d6f5-517c2c7a6106" testName="SessionState_InitializesLists" computerName="ILYA-PC" duration="00:00:00.0013890" startTime="2025-10-29T20:49:25.7175989-04:00" endTime="2025-10-29T20:49:25.7189878-04:00" testType="13cdc9d9-ddb5-4fa4-a97d-d965ccfc6d4b" outcome="Passed" testListId="8c84fa94-04c1-424b-9868-57a2d4851a1d" relativeResultsDirectory="cb0cca54-9451-40b9-8662-9b98336ad332" />
    <UnitTestResult executionId="44d03f47-2204-41be-9677-eb120ddc30b3" testId="5d45fdef-a166-93b4-28a1-e6ac16ec25b8" testName="SessionState_Properties_CanBeSetAndGet" computerName="ILYA-PC" duration="00:00:00.0002990" startTime="2025-10-29T20:49:25.7189965-04:00" endTime="2025-10-29T20:49:25.7192954-04:00" testType="13cdc9d9-ddb5-4fa4-a97d-d965ccfc6d4b" outcome="Passed" testListId="8c84fa94-04c1-424b-9868-57a2d4851a1d" relativeResultsDirectory="44d03f47-2204-41be-9677-eb120ddc30b3" />
    <UnitTestResult executionId="6a8c1078-f4d8-47be-8a87-6216cc5692d4" testId="4e57b856-6dce-4c62-7368-2b00257929b8" testName="ModuleDescriptor_Properties_CanBeSetAndGet" computerName="ILYA-PC" duration="00:00:00.0573370" startTime="2025-10-29T20:49:25.6484276-04:00" endTime="2025-10-29T20:49:25.7057245-04:00" testType="13cdc9d9-ddb5-4fa4-a97d-d965ccfc6d4b" outcome="Passed" testListId="8c84fa94-04c1-424b-9868-57a2d4851a1d" relativeResultsDirectory="6a8c1078-f4d8-47be-8a87-6216cc5692d4" />
    <UnitTestResult executionId="a4d397bc-bb99-41cf-83ac-c20a56700104" testId="12ef565d-a0a0-e034-de60-46363e905ae9" testName="PlayerProfile_Properties_CanBeSetAndGet" computerName="ILYA-PC" duration="00:00:00.0057190" startTime="2025-10-29T20:49:25.7080268-04:00" endTime="2025-10-29T20:49:25.7137459-04:00" testType="13cdc9d9-ddb5-4fa4-a97d-d965ccfc6d4b" outcome="Passed" testListId="8c84fa94-04c1-424b-9868-57a2d4851a1d" relativeResultsDirectory="a4d397bc-bb99-41cf-83ac-c20a56700104" />
    <UnitTestResult executionId="475084af-9e8c-452b-a26e-86df4693f596" testId="6dfda040-3fd3-f3b5-cd69-23713ce07e54" testName="SeatZone_Properties_CanBeSetAndGet" computerName="ILYA-PC" duration="00:00:00.0035500" startTime="2025-10-29T20:49:25.7139134-04:00" endTime="2025-10-29T20:49:25.7174631-04:00" testType="13cdc9d9-ddb5-4fa4-a97d-d965ccfc6d4b" outcome="Passed" testListId="8c84fa94-04c1-424b-9868-57a2d4851a1d" relativeResultsDirectory="475084af-9e8c-452b-a26e-86df4693f596" />
    <UnitTestResult executionId="0aaa1ce6-c8fb-4c57-9799-08fa2e1c5439" testId="53659090-6cc8-1ba0-6e98-64a8bec15119" testName="TableEdge_HasCorrectValues" computerName="ILYA-PC" duration="00:00:00.0035140" startTime="2025-10-29T20:49:25.7193691-04:00" endTime="2025-10-29T20:49:25.7228828-04:00" testType="13cdc9d9-ddb5-4fa4-a97d-d965ccfc6d4b" outcome="Passed" testListId="8c84fa94-04c1-424b-9868-57a2d4851a1d" relativeResultsDirectory="0aaa1ce6-c8fb-4c57-9799-08fa2e1c5439" />
  </Results>
  <TestDefinitions>
    <UnitTest name="ModuleDescriptor_Properties_CanBeSetAndGet" storage="c:\users\ivolo\documents\github\tablecore\tests\.godot\mono\temp\bin\debug\tests.dll" id="4e57b856-6dce-4c62-7368-2b00257929b8">
      <Execution id="6a8c1078-f4d8-47be-8a87-6216cc5692d4" />
      <TestMethod codeBase="C:\Users\ivolo\Documents\GitHub\TableCore\Tests\.godot\mono\temp\bin\Debug\Tests.dll" adapterTypeName="executor://nunit3testexecutor/" className="TableCore.Tests.Core.ModuleDescriptorTests" name="ModuleDescriptor_Properties_CanBeSetAndGet" />
    </UnitTest>
    <UnitTest name="SeatZone_Properties_CanBeSetAndGet" storage="c:\users\ivolo\documents\github\tablecore\tests\.godot\mono\temp\bin\debug\tests.dll" id="6dfda040-3fd3-f3b5-cd69-23713ce07e54">
      <Execution id="475084af-9e8c-452b-a26e-86df4693f596" />
      <TestMethod codeBase="C:\Users\ivolo\Documents\GitHub\TableCore\Tests\.godot\mono\temp\bin\Debug\Tests.dll" adapterTypeName="executor://nunit3testexecutor/" className="TableCore.Tests.Core.SeatZoneTests" name="SeatZone_Properties_CanBeSetAndGet" />
    </UnitTest>
    <UnitTest name="SessionState_Properties_CanBeSetAndGet" storage="c:\users\ivolo\documents\github\tablecore\tests\.godot\mono\temp\bin\debug\tests.dll" id="5d45fdef-a166-93b4-28a1-e6ac16ec25b8">
      <Execution id="44d03f47-2204-41be-9677-eb120ddc30b3" />
      <TestMethod codeBase="C:\Users\ivolo\Documents\GitHub\TableCore\Tests\.godot\mono\temp\bin\Debug\Tests.dll" adapterTypeName="executor://nunit3testexecutor/" className="TableCore.Tests.Core.SessionStateTests" name="SessionState_Properties_CanBeSetAndGet" />
    </UnitTest>
    <UnitTest name="PlayerProfile_Properties_CanBeSetAndGet" storage="c:\users\ivolo\documents\github\tablecore\tests\.godot\mono\temp\bin\debug\tests.dll" id="12ef565d-a0a0-e034-de60-46363e905ae9">
      <Execution id="a4d397bc-bb99-41cf-83ac-c20a56700104" />
      <TestMethod codeBase="C:\Users\ivolo\Documents\GitHub\TableCore\Tests\.godot\mono\temp\bin\Debug\Tests.dll" adapterTypeName="executor://nunit3testexecutor/" className="TableCore.Tests.Core.PlayerProfileTests" name="PlayerProfile_Properties_CanBeSetAndGet" />
    </UnitTest>
    <UnitTest name="TableEdge_HasCorrectValues" storage="c:\users\ivolo\documents\github\tablecore\tests\.godot\mono\temp\bin\debug\tests.dll" id="53659090-6cc8-1ba0-6e98-64a8bec15119">
      <Execution id="0aaa1ce6-c8fb-4c57-9799-08fa2e1c5439" />
      <TestMethod codeBase="C:\Users\ivolo\Documents\GitHub\TableCore\Tests\.godot\mono\temp\bin\Debug\Tests.dll" adapterTypeName="executor://nunit3testexecutor/" className="TableCore.Tests.Core.TableEdgeTests" name="TableEdge_HasCorrectValues" />
    </UnitTest>
    <UnitTest name="SessionState_InitializesLists" storage="c:\users\ivolo\documents\github\tablecore\tests\.godot\mono\temp\bin\debug\tests.dll" id="b778a534-c69f-df2f-d6f5-517c2c7a6106">
      <Execution id="cb0cca54-9451-40b9-8662-9b98336ad332" />
      <TestMethod codeBase="C:\Users\ivolo\Documents\GitHub\TableCore\Tests\.godot\mono\temp\bin\Debug\Tests.dll" adapterTypeName="executor://nunit3testexecutor/" className="TableCore.Tests.Core.SessionStateTests" name="SessionState_InitializesLists" />
    </UnitTest>
  </TestDefinitions>
  <TestEntries>
    <TestEntry testId="b778a534-c69f-df2f-d6f5-517c2c7a6106" executionId="cb0cca54-9451-40b9-8662-9b98336ad332" testListId="8c84fa94-04c1-424b-9868-57a2d4851a1d" />
    <TestEntry testId="5d45fdef-a166-93b4-28a1-e6ac16ec25b8" executionId="44d03f47-2204-41be-9677-eb120ddc30b3" testListId="8c84fa94-04c1-424b-9868-57a2d4851a1d" />
    <TestEntry testId="4e57b856-6dce-4c62-7368-2b00257929b8" executionId="6a8c1078-f4d8-47be-8a87-6216cc5692d4" testListId="8c84fa94-04c1-424b-9868-57a2d4851a1d" />
    <TestEntry testId="12ef565d-a0a0-e034-de60-46363e905ae9" executionId="a4d397bc-bb99-41cf-83ac-c20a56700104" testListId="8c84fa94-04c1-424b-9868-57a2d4851a1d" />
    <TestEntry testId="6dfda040-3fd3-f3b5-cd69-23713ce07e54" executionId="475084af-9e8c-452b-a26e-86df4693f596" testListId="8c84fa94-04c1-424b-9868-57a2d4851a1d" />
    <TestEntry testId="53659090-6cc8-1ba0-6e98-64a8bec15119" executionId="0aaa1ce6-c8fb-4c57-9799-08fa2e1c5439" testListId="8c84fa94-04c1-424b-9868-57a2d4851a1d" />
  </TestEntries>
  <TestLists>
    <TestList name="Results Not in a List" id="8c84fa94-04c1-424b-9868-57a2d4851a1d" />
    <TestList name="All Loaded Results" id="19431567-8539-422a-85d7-44ee4e166bda" />
  </TestLists>
  <ResultSummary outcome="Completed">
    <Counters total="6" executed="6" passed="6" failed="0" error="0" timeout="0" aborted="0" inconclusive="0" passedButRunAborted="0" notRunnable="0" notExecuted="0" disconnected="0" warning="0" completed="0" inProgress="0" pending="0" />
    <Output>
      <StdOut>NUnit Adapter 4.5.0.0: Test execution started&#xD;
Running all tests in C:\Users\ivolo\Documents\GitHub\TableCore\Tests\.godot\mono\temp\bin\Debug\Tests.dll&#xD;
   NUnit3TestExecutor discovered 6 of 6 NUnit test cases using Current Discovery mode, Non-Explicit run&#xD;
NUnit Adapter 4.5.0.0: Test execution complete&#xD;
</StdOut>
    </Output>
  </ResultSummary>
</TestRun>